2024-09-26 13:44:51,410{GMT}	INFO	[jepsen test runner] jepsen.core: Test version 0b61ab573c6da835887b3f5ba5355b66c2fcafca (plus uncommitted changes)
2024-09-26 13:44:51,410{GMT}	INFO	[jepsen test runner] jepsen.core: Command line:
lein run test -w echo --bin ./ --node-count 1 --time-limit 10
2024-09-26 13:44:51,441{GMT}	INFO	[jepsen test runner] jepsen.core: Running test:
{:args []
 :remote
 #jepsen.control.retry.Remote{:remote #jepsen.control.scp.Remote{:cmd-remote #jepsen.control.sshj.SSHJRemote{:concurrency-limit 6,
                                                                                                             :conn-spec nil,
                                                                                                             :client nil,
                                                                                                             :semaphore nil},
                                                                 :conn-spec nil},
                              :conn nil}
 :log-net-send false
 :node-count 1
 :availability nil
 :max-txn-length 4
 :concurrency 1
 :db
 #object[maelstrom.db$db$reify__16142
         "0x60a3a0fa"
         "maelstrom.db$db$reify__16142@60a3a0fa"]
 :max-writes-per-key 16
 :leave-db-running? false
 :name "echo"
 :logging-json? false
 :start-time
 #object[org.joda.time.DateTime "0x704c3ca2" "2024-09-26T13:44:51.364-03:00"]
 :nemesis-interval 10
 :net
 #object[maelstrom.net$jepsen_net$reify__15251
         "0x7d3a9061"
         "maelstrom.net$jepsen_net$reify__15251@7d3a9061"]
 :client
 #object[maelstrom.workload.echo$client$reify__16863
         "0x2a2f7a61"
         "maelstrom.workload.echo$client$reify__16863@2a2f7a61"]
 :barrier
 #object[java.util.concurrent.CyclicBarrier
         "0x8d40f07"
         "java.util.concurrent.CyclicBarrier@8d40f07"]
 :log-stderr false
 :pure-generators true
 :ssh {:dummy? true}
 :rate 5
 :checker
 #object[jepsen.checker$compose$reify__11881
         "0x196c8b93"
         "jepsen.checker$compose$reify__11881@196c8b93"]
 :argv ("test" "-w" "echo" "--bin" "./" "--node-count" "1" "--time-limit" "10")
 :nemesis
 (jepsen.nemesis.ReflCompose
  {:fm {:start-partition 0,
        :stop-partition 0,
        :kill 1,
        :start 1,
        :pause 1,
        :resume 1},
   :nemeses [#unprintable "jepsen.nemesis.combined$partition_nemesis$reify__16416@307ca947"
             #unprintable "jepsen.nemesis.combined$db_nemesis$reify__16397@61d1315b"]})
 :nodes ["n0"]
 :test-count 1
 :latency {:mean 0, :dist :constant}
 :bin "./"
 :generator
 (jepsen.generator.TimeLimit
  {:limit 10000000000,
   :cutoff nil,
   :gen (jepsen.generator.Any
         {:gens [(jepsen.generator.OnThreads
                  {:f #{:nemesis},
                   :context-filter #object[jepsen.generator.context$make_thread_filter$lazy_filter__9167
                                           "0x11736ebc"
                                           "jepsen.generator.context$make_thread_filter$lazy_filter__9167@11736ebc"],
                   :gen nil})
                 (jepsen.generator.OnThreads
                  {:f #jepsen.generator.context.AllBut{:element :nemesis},
                   :context-filter #object[jepsen.generator.context$make_thread_filter$lazy_filter__9167
                                           "0x4a03c4bc"
                                           "jepsen.generator.context$make_thread_filter$lazy_filter__9167@4a03c4bc"],
                   :gen (jepsen.generator.Stagger
                         {:dt 400000000,
                          :next-time nil,
                          :gen (jepsen.generator.EachThread
                                {:fresh-gen #object[maelstrom.workload.echo$workload$fn__16882
                                                    "0x3d0c88f4"
                                                    "maelstrom.workload.echo$workload$fn__16882@3d0c88f4"],
                                 :context-filters #object[clojure.core$promise$reify__8591
                                                          "0x5aad4194"
                                                          {:status :pending,
                                                           :val nil}],
                                 :gens {}})})})]})})
 :log-net-recv false
 :os
 #object[maelstrom.net$jepsen_os$reify__15254
         "0x50a1c2f3"
         "maelstrom.net$jepsen_os$reify__15254@50a1c2f3"]
 :time-limit 10
 :workload :echo
 :consistency-models [:strict-serializable]
 :topology :grid}

2024-09-26 13:44:52,410{GMT}	INFO	[jepsen node n0] maelstrom.net: Starting Maelstrom network
2024-09-26 13:44:52,411{GMT}	INFO	[jepsen test runner] jepsen.db: Tearing down DB
2024-09-26 13:44:52,411{GMT}	INFO	[jepsen test runner] jepsen.db: Setting up DB
2024-09-26 13:44:52,413{GMT}	INFO	[jepsen node n0] maelstrom.service: Starting services: (lin-kv lin-tso lww-kv seq-kv)
2024-09-26 13:44:52,414{GMT}	INFO	[jepsen node n0] maelstrom.db: Setting up n0
2024-09-26 13:44:52,414{GMT}	INFO	[jepsen node n0] maelstrom.process: launching ./ []
2024-09-26 13:44:53,428{GMT}	INFO	[jepsen node n0] maelstrom.net: Shutting down Maelstrom network
2024-09-26 13:44:53,431{GMT}	WARN	[jepsen test runner] jepsen.core: Test crashed!
java.io.IOException: Cannot run program "/Users/vitorsouza/Desktop/dev/maelstrom-echo" (in directory "/var/folders/f1/dldyzfv51q33x971mbls6trr0000gn/T"): error=13, Permission denied
	at java.base/java.lang.ProcessBuilder.start(ProcessBuilder.java:1140)
	at java.base/java.lang.ProcessBuilder.start(ProcessBuilder.java:1074)
	at maelstrom.process$start_node_BANG_.invokeStatic(process.clj:199)
	at maelstrom.process$start_node_BANG_.invoke(process.clj:168)
	at maelstrom.db$db$reify__16142.setup_BANG_(db.clj:34)
	at jepsen.db$fn__8729$G__8723__8733.invoke(db.clj:12)
	at jepsen.db$fn__8729$G__8722__8738.invoke(db.clj:12)
	at clojure.core$partial$fn__5908.invoke(core.clj:2642)
	at jepsen.control$on_nodes$fn__8599.invoke(control.clj:314)
	at clojure.lang.AFn.applyToHelper(AFn.java:154)
	at clojure.lang.AFn.applyTo(AFn.java:144)
	at clojure.core$apply.invokeStatic(core.clj:667)
	at clojure.core$with_bindings_STAR_.invokeStatic(core.clj:1990)
	at clojure.core$with_bindings_STAR_.doInvoke(core.clj:1990)
	at clojure.lang.RestFn.applyTo(RestFn.java:142)
	at clojure.core$apply.invokeStatic(core.clj:671)
	at clojure.core$bound_fn_STAR_$fn__5818.doInvoke(core.clj:2020)
	at clojure.lang.RestFn.invoke(RestFn.java:408)
	at dom_top.core$real_pmap_helper$build_thread__211$fn__212.invoke(core.clj:163)
	at clojure.lang.AFn.applyToHelper(AFn.java:152)
	at clojure.lang.AFn.applyTo(AFn.java:144)
	at clojure.core$apply.invokeStatic(core.clj:667)
	at clojure.core$with_bindings_STAR_.invokeStatic(core.clj:1990)
	at clojure.core$with_bindings_STAR_.doInvoke(core.clj:1990)
	at clojure.lang.RestFn.invoke(RestFn.java:425)
	at clojure.lang.AFn.applyToHelper(AFn.java:156)
	at clojure.lang.RestFn.applyTo(RestFn.java:132)
	at clojure.core$apply.invokeStatic(core.clj:671)
	at clojure.core$bound_fn_STAR_$fn__5818.doInvoke(core.clj:2020)
	at clojure.lang.RestFn.invoke(RestFn.java:397)
	at clojure.lang.AFn.run(AFn.java:22)
	at java.base/java.lang.Thread.run(Thread.java:1623)
Caused by: java.io.IOException: error=13, Permission denied
	at java.base/java.lang.ProcessImpl.forkAndExec(Native Method)
	at java.base/java.lang.ProcessImpl.<init>(ProcessImpl.java:319)
	at java.base/java.lang.ProcessImpl.start(ProcessImpl.java:249)
	at java.base/java.lang.ProcessBuilder.start(ProcessBuilder.java:1111)
	... 31 common frames omitted
